<?xml version="1.0" encoding="UTF-8"?>
<!-- Generated by org.testng.reporters.JUnitReportReporter -->
<testsuite hostname="DESKTOP-167RH8K" failures="0" tests="1" name="Project_Test.Project_Test" time="4.818" errors="0" timestamp="2024-03-24T07:44:52 IST" skipped="0">
  <testcase classname="Project_Test.Project_Test" name="Test" time="4.818"/>
  <system-out/>
</testsuite> <!-- Project_Test.Project_Test -->
